<?xml version="1.0" encoding="UTF-8"?>
<testng-results skipped="0" failed="0" ignored="0" total="2" passed="2">
  <reporter-output>
  </reporter-output>
  <suite name="Automation.AppTest" duration-ms="34737" started-at="2017-07-04T01:47:50Z" finished-at="2017-07-04T01:48:25Z">
    <groups>
    </groups>
    <test name="Command line test" duration-ms="34737" started-at="2017-07-04T01:47:50Z" finished-at="2017-07-04T01:48:25Z">
      <class name="Automation.AppTest">
        <test-method status="PASS" signature="setupBrowser()[pri:0, instance:Automation.AppTest@3567135c]" name="setupBrowser" is-config="true" duration-ms="12243" started-at="2017-07-03T21:47:50Z" finished-at="2017-07-03T21:48:03Z">
          <reporter-output>
          </reporter-output>
        </test-method> <!-- setupBrowser -->
        <test-method status="PASS" signature="pagetitle()[pri:1, instance:Automation.AppTest@3567135c]" name="pagetitle" duration-ms="59" started-at="2017-07-03T21:48:03Z" description="This is test case for page title" finished-at="2017-07-03T21:48:03Z">
          <reporter-output>
          </reporter-output>
        </test-method> <!-- pagetitle -->
        <test-method status="PASS" signature="login()[pri:2, instance:Automation.AppTest@3567135c]" name="login" duration-ms="21532" started-at="2017-07-03T21:48:03Z" description="This is test case for login" finished-at="2017-07-03T21:48:24Z">
          <reporter-output>
          </reporter-output>
        </test-method> <!-- login -->
        <test-method status="PASS" signature="logout()[pri:0, instance:Automation.AppTest@3567135c]" name="logout" is-config="true" duration-ms="881" started-at="2017-07-03T21:48:24Z" finished-at="2017-07-03T21:48:25Z">
          <reporter-output>
          </reporter-output>
        </test-method> <!-- logout -->
      </class> <!-- Automation.AppTest -->
    </test> <!-- Command line test -->
  </suite> <!-- Automation.AppTest -->
</testng-results>
