<?xml version="1.0" encoding="UTF-8"?>
<testng-results skipped="0" failed="0" ignored="0" total="2" passed="2">
  <reporter-output>
  </reporter-output>
  <suite name="Automation.AppTest" duration-ms="50337" started-at="2017-08-13T02:58:23Z" finished-at="2017-08-13T02:59:13Z">
    <groups>
    </groups>
    <test name="Command line test" duration-ms="50337" started-at="2017-08-13T02:58:23Z" finished-at="2017-08-13T02:59:13Z">
      <class name="Automation.AppTest">
        <test-method status="PASS" signature="setupBrowser()[pri:0, instance:Automation.AppTest@3567135c]" name="setupBrowser" is-config="true" duration-ms="19891" started-at="2017-08-12T22:58:23Z" finished-at="2017-08-12T22:58:43Z">
          <reporter-output>
          </reporter-output>
        </test-method> <!-- setupBrowser -->
        <test-method status="PASS" signature="pagetitle()[pri:1, instance:Automation.AppTest@3567135c]" name="pagetitle" duration-ms="51" started-at="2017-08-12T22:58:43Z" description="This is test case for page title" finished-at="2017-08-12T22:58:43Z">
          <reporter-output>
          </reporter-output>
        </test-method> <!-- pagetitle -->
        <test-method status="PASS" signature="login()[pri:2, instance:Automation.AppTest@3567135c]" name="login" duration-ms="28618" started-at="2017-08-12T22:58:43Z" description="This is test case for login" finished-at="2017-08-12T22:59:11Z">
          <reporter-output>
          </reporter-output>
        </test-method> <!-- login -->
        <test-method status="PASS" signature="tearDown()[pri:0, instance:Automation.AppTest@3567135c]" name="tearDown" is-config="true" duration-ms="1747" started-at="2017-08-12T22:59:11Z" finished-at="2017-08-12T22:59:13Z">
          <reporter-output>
          </reporter-output>
        </test-method> <!-- tearDown -->
      </class> <!-- Automation.AppTest -->
    </test> <!-- Command line test -->
  </suite> <!-- Automation.AppTest -->
</testng-results>
