<?xml version="1.0" encoding="UTF-8"?>
<testng-results skipped="0" failed="0" ignored="0" total="2" passed="2">
  <reporter-output>
  </reporter-output>
  <suite name="Default suite" duration-ms="54447" started-at="2017-08-13T12:45:00Z" finished-at="2017-08-13T12:45:55Z">
    <groups>
    </groups>
    <test name="Default test" duration-ms="54447" started-at="2017-08-13T12:45:00Z" finished-at="2017-08-13T12:45:55Z">
      <class name="Automation.AppTest">
        <test-method status="PASS" signature="setupBrowser()[pri:0, instance:Automation.AppTest@53b32d7]" name="setupBrowser" is-config="true" duration-ms="18853" started-at="2017-08-13T08:45:00Z" finished-at="2017-08-13T08:45:19Z">
          <reporter-output>
          </reporter-output>
        </test-method> <!-- setupBrowser -->
        <test-method status="PASS" signature="pagetitle()[pri:1, instance:Automation.AppTest@53b32d7]" name="pagetitle" duration-ms="101" started-at="2017-08-13T08:45:19Z" description="This is test case for page title" finished-at="2017-08-13T08:45:19Z">
          <reporter-output>
          </reporter-output>
        </test-method> <!-- pagetitle -->
        <test-method status="PASS" signature="login()[pri:2, instance:Automation.AppTest@53b32d7]" name="login" duration-ms="33372" started-at="2017-08-13T08:45:19Z" description="This is test case for login" finished-at="2017-08-13T08:45:53Z">
          <reporter-output>
          </reporter-output>
        </test-method> <!-- login -->
        <test-method status="PASS" signature="tearDown()[pri:0, instance:Automation.AppTest@53b32d7]" name="tearDown" is-config="true" duration-ms="2074" started-at="2017-08-13T08:45:53Z" finished-at="2017-08-13T08:45:55Z">
          <reporter-output>
          </reporter-output>
        </test-method> <!-- tearDown -->
      </class> <!-- Automation.AppTest -->
    </test> <!-- Default test -->
  </suite> <!-- Default suite -->
</testng-results>
